<?xml version="1.0" encoding="UTF-8"?>
<!-- Generated by org.testng.reporters.JUnitXMLReporter -->
<testsuite ignored="0" hostname="TCS" failures="0" tests="3" name="Default test" time="0.165" errors="0" timestamp="2023-12-15T00:34:37 IST">
  <testcase classname="TestNG_AllPrg.FirstTestNG1" name="login" time="0.027"/>
  <testcase classname="TestNG_AllPrg.FirstTestNG1" name="setup" time="0.007"/>
  <testcase classname="TestNG_AllPrg.FirstTestNG1" name="teardown" time="0.01"/>
</testsuite> <!-- Default test -->
