<?xml version="1.0" encoding="UTF-8"?>
<!-- Generated by org.testng.reporters.JUnitXMLReporter -->
<testsuite ignored="2" hostname="TCS" failures="0" tests="1" name="Test(failed)(failed)" time="0.109" errors="0" timestamp="2023-12-15T00:53:51 IST">
  <testcase classname="TestNG_AllPrg.FirstTestNG2" name="searchCust" time="0.025"/>
  <testcase classname="TestNG_AllPrg.FirstTestNG2" name="teardown" time="0.0">
    <ignored/>
  </testcase> <!-- teardown -->
  <testcase classname="TestNG_AllPrg.FirstTestNG2" name="setup" time="0.0">
    <ignored/>
  </testcase> <!-- setup -->
</testsuite> <!-- Test(failed)(failed) -->
