<?xml version="1.0" encoding="UTF-8"?>
<!-- Generated by org.testng.reporters.JUnitXMLReporter -->
<testsuite ignored="0" hostname="TCS" failures="0" tests="6" name="Test" time="0.154" errors="0" timestamp="2023-12-15T00:54:21 IST">
  <testcase classname="TestNG_AllPrg.FirstTestNG1" name="setup" time="0.019"/>
  <testcase classname="TestNG_AllPrg.FirstTestNG1" name="login" time="0.009"/>
  <testcase classname="TestNG_AllPrg.FirstTestNG1" name="teardown" time="0.005"/>
  <testcase classname="TestNG_AllPrg.FirstTestNG2" name="setup" time="0.008"/>
  <testcase classname="TestNG_AllPrg.FirstTestNG2" name="searchCust" time="0.006"/>
  <testcase classname="TestNG_AllPrg.FirstTestNG2" name="teardown" time="0.003"/>
</testsuite> <!-- Test -->
