<?xml version="1.0" encoding="UTF-8"?>
<!-- Generated by org.testng.reporters.JUnitXMLReporter -->
<testsuite ignored="0" hostname="TCS" failures="0" tests="3" name="Test" time="42.568" errors="0" timestamp="2023-12-16T22:55:30 IST">
  <testcase classname="com.sdet.AppTest" name="testLogin1" time="0.031"/>
  <testcase classname="com.sdet.AppTest" name="testLogin2" time="0.0"/>
  <testcase classname="com.sdet.RShettyAcademy_Login" name="login_RShettyAcademyTest" time="42.442"/>
</testsuite> <!-- Test -->
