<?xml version="1.0" encoding="UTF-8"?>
<testng-results ignored="0" total="3" passed="3" failed="0" skipped="0">
  <reporter-output>
  </reporter-output>
  <suite started-at="2023-12-16T22:54:48 IST" name="Suite" finished-at="2023-12-16T22:55:30 IST" duration-ms="42568">
    <groups>
    </groups>
    <test started-at="2023-12-16T22:54:48 IST" name="Test" finished-at="2023-12-16T22:55:30 IST" duration-ms="42568">
      <class name="com.sdet.AppTest">
        <test-method signature="testLogin1()[pri:0, instance:com.sdet.AppTest@5939a379]" started-at="2023-12-16T22:54:48 IST" name="testLogin1" finished-at="2023-12-16T22:54:48 IST" duration-ms="31" status="PASS">
          <reporter-output>
          </reporter-output>
        </test-method> <!-- testLogin1 -->
        <test-method signature="testLogin2()[pri:0, instance:com.sdet.AppTest@5939a379]" started-at="2023-12-16T22:54:48 IST" name="testLogin2" finished-at="2023-12-16T22:54:48 IST" duration-ms="0" status="PASS">
          <reporter-output>
          </reporter-output>
        </test-method> <!-- testLogin2 -->
      </class> <!-- com.sdet.AppTest -->
      <class name="com.sdet.RShettyAcademy_Login">
        <test-method signature="login_RShettyAcademyTest()[pri:0, instance:com.sdet.RShettyAcademy_Login@e1de817]" started-at="2023-12-16T22:54:48 IST" name="login_RShettyAcademyTest" finished-at="2023-12-16T22:55:30 IST" duration-ms="42442" status="PASS">
          <reporter-output>
          </reporter-output>
        </test-method> <!-- login_RShettyAcademyTest -->
      </class> <!-- com.sdet.RShettyAcademy_Login -->
    </test> <!-- Test -->
  </suite> <!-- Suite -->
</testng-results>
